[INFO  - 2015-12-31T00:45:58.566Z] GhostDriver - Main - running on port 14478
[INFO  - 2015-12-31T00:45:58.927Z] Session [dbcb2f90-af57-11e5-b8f3-8d35ddc98652] - page.settings - {"XSSAuditingEnabled":false,"javascriptCanCloseWindows":true,"javascriptCanOpenWindows":true,"javascriptEnabled":true,"loadImages":true,"localToRemoteUrlAccessEnabled":false,"userAgent":"Mozilla/5.0 (Macintosh; Intel Mac OS X) AppleWebKit/534.34 (KHTML, like Gecko) PhantomJS/1.9.7 Safari/534.34","webSecurityEnabled":true}
[INFO  - 2015-12-31T00:45:58.927Z] Session [dbcb2f90-af57-11e5-b8f3-8d35ddc98652] - page.customHeaders:  - {}
[INFO  - 2015-12-31T00:45:58.927Z] Session [dbcb2f90-af57-11e5-b8f3-8d35ddc98652] - Session.negotiatedCapabilities - {"browserName":"phantomjs","version":"1.9.7","driverName":"ghostdriver","driverVersion":"1.1.0","platform":"mac-unknown-32bit","javascriptEnabled":true,"takesScreenshot":true,"handlesAlerts":false,"databaseEnabled":false,"locationContextEnabled":false,"applicationCacheEnabled":false,"browserConnectionEnabled":false,"cssSelectorsEnabled":true,"webStorageEnabled":false,"rotatable":false,"acceptSslCerts":false,"nativeEvents":true,"proxy":{"proxyType":"direct"}}
[INFO  - 2015-12-31T00:45:58.927Z] SessionManagerReqHand - _postNewSessionCommand - New Session Created: dbcb2f90-af57-11e5-b8f3-8d35ddc98652
[ERROR - 2015-12-31T00:46:05.577Z] Session [dbcb2f90-af57-11e5-b8f3-8d35ddc98652] - page.onError - msg: TypeError: 'undefined' is not a function (evaluating 'RegExp.prototype.test.bind(/^(data|aria)-[a-z_][a-z\d_.\-]*$/)')
[ERROR - 2015-12-31T00:46:05.577Z] Session [dbcb2f90-af57-11e5-b8f3-8d35ddc98652] - page.onError - stack:
  (anonymous function) (http://localhost:8080/webjars/react/0.14.0/react.min.js:12)
  o (http://localhost:8080/webjars/react/0.14.0/react.min.js:12)
  (anonymous function) (http://localhost:8080/webjars/react/0.14.0/react.min.js:12)
  (anonymous function) (http://localhost:8080/webjars/react/0.14.0/react.min.js:14)
  o (http://localhost:8080/webjars/react/0.14.0/react.min.js:12)
  (anonymous function) (http://localhost:8080/webjars/react/0.14.0/react.min.js:12)
  (anonymous function) (http://localhost:8080/webjars/react/0.14.0/react.min.js:13)
  o (http://localhost:8080/webjars/react/0.14.0/react.min.js:12)
  (anonymous function) (http://localhost:8080/webjars/react/0.14.0/react.min.js:12)
  (anonymous function) (http://localhost:8080/webjars/react/0.14.0/react.min.js:12)
  o (http://localhost:8080/webjars/react/0.14.0/react.min.js:12)
  e (http://localhost:8080/webjars/react/0.14.0/react.min.js:12)
  (anonymous function) (http://localhost:8080/webjars/react/0.14.0/react.min.js:16)
  (anonymous function) (http://localhost:8080/webjars/react/0.14.0/react.min.js:12)
  (anonymous function) (http://localhost:8080/webjars/react/0.14.0/react.min.js:16)
[ERROR - 2015-12-31T00:46:05.615Z] Session [dbcb2f90-af57-11e5-b8f3-8d35ddc98652] - page.onError - msg: ReferenceError: Can't find variable: React
[ERROR - 2015-12-31T00:46:05.615Z] Session [dbcb2f90-af57-11e5-b8f3-8d35ddc98652] - page.onError - stack:
  (anonymous function) (http://localhost:8080/app.js:1)
[ERROR - 2015-12-31T00:46:05.754Z] Session [dbcb2f90-af57-11e5-b8f3-8d35ddc98652] - page.onError - msg: ReferenceError: Can't find variable: React
[ERROR - 2015-12-31T00:46:05.754Z] Session [dbcb2f90-af57-11e5-b8f3-8d35ddc98652] - page.onError - stack:
  renderOnClient (http://localhost:8080/app.js:302)
  (anonymous function) (http://localhost:8080/:48)
  (anonymous function) (http://localhost:8080/webjars/jquery/1.11.3/jquery.min.js:2)
  (anonymous function) (http://localhost:8080/webjars/jquery/1.11.3/jquery.min.js:2)
  (anonymous function) (http://localhost:8080/webjars/jquery/1.11.3/jquery.min.js:2)
  J (http://localhost:8080/webjars/jquery/1.11.3/jquery.min.js:2)
[INFO  - 2015-12-31T00:46:11.689Z] ShutdownReqHand - _handle - About to shutdown
[INFO  - 2015-12-31T00:57:07.248Z] GhostDriver - Main - running on port 29328
[INFO  - 2015-12-31T00:57:07.464Z] Session [6a462440-af59-11e5-b705-455b20334321] - page.settings - {"XSSAuditingEnabled":false,"javascriptCanCloseWindows":true,"javascriptCanOpenWindows":true,"javascriptEnabled":true,"loadImages":true,"localToRemoteUrlAccessEnabled":false,"userAgent":"Mozilla/5.0 (Macintosh; Intel Mac OS X) AppleWebKit/534.34 (KHTML, like Gecko) PhantomJS/1.9.7 Safari/534.34","webSecurityEnabled":true}
[INFO  - 2015-12-31T00:57:07.464Z] Session [6a462440-af59-11e5-b705-455b20334321] - page.customHeaders:  - {}
[INFO  - 2015-12-31T00:57:07.464Z] Session [6a462440-af59-11e5-b705-455b20334321] - Session.negotiatedCapabilities - {"browserName":"phantomjs","version":"1.9.7","driverName":"ghostdriver","driverVersion":"1.1.0","platform":"mac-unknown-32bit","javascriptEnabled":true,"takesScreenshot":true,"handlesAlerts":false,"databaseEnabled":false,"locationContextEnabled":false,"applicationCacheEnabled":false,"browserConnectionEnabled":false,"cssSelectorsEnabled":true,"webStorageEnabled":false,"rotatable":false,"acceptSslCerts":false,"nativeEvents":true,"proxy":{"proxyType":"direct"}}
[INFO  - 2015-12-31T00:57:07.464Z] SessionManagerReqHand - _postNewSessionCommand - New Session Created: 6a462440-af59-11e5-b705-455b20334321
[ERROR - 2015-12-31T00:57:14.174Z] Session [6a462440-af59-11e5-b705-455b20334321] - page.onError - msg: TypeError: 'undefined' is not a function (evaluating 'RegExp.prototype.test.bind(/^(data|aria)-[a-z_][a-z\d_.\-]*$/)')
[ERROR - 2015-12-31T00:57:14.174Z] Session [6a462440-af59-11e5-b705-455b20334321] - page.onError - stack:
  (anonymous function) (http://localhost:8080/webjars/react/0.14.0/react.min.js:12)
  o (http://localhost:8080/webjars/react/0.14.0/react.min.js:12)
  (anonymous function) (http://localhost:8080/webjars/react/0.14.0/react.min.js:12)
  (anonymous function) (http://localhost:8080/webjars/react/0.14.0/react.min.js:14)
  o (http://localhost:8080/webjars/react/0.14.0/react.min.js:12)
  (anonymous function) (http://localhost:8080/webjars/react/0.14.0/react.min.js:12)
  (anonymous function) (http://localhost:8080/webjars/react/0.14.0/react.min.js:13)
  o (http://localhost:8080/webjars/react/0.14.0/react.min.js:12)
  (anonymous function) (http://localhost:8080/webjars/react/0.14.0/react.min.js:12)
  (anonymous function) (http://localhost:8080/webjars/react/0.14.0/react.min.js:12)
  o (http://localhost:8080/webjars/react/0.14.0/react.min.js:12)
  e (http://localhost:8080/webjars/react/0.14.0/react.min.js:12)
  (anonymous function) (http://localhost:8080/webjars/react/0.14.0/react.min.js:16)
  (anonymous function) (http://localhost:8080/webjars/react/0.14.0/react.min.js:12)
  (anonymous function) (http://localhost:8080/webjars/react/0.14.0/react.min.js:16)
[ERROR - 2015-12-31T00:57:14.237Z] Session [6a462440-af59-11e5-b705-455b20334321] - page.onError - msg: ReferenceError: Can't find variable: React
[ERROR - 2015-12-31T00:57:14.237Z] Session [6a462440-af59-11e5-b705-455b20334321] - page.onError - stack:
  (anonymous function) (http://localhost:8080/app.js:1)
[ERROR - 2015-12-31T00:57:14.399Z] Session [6a462440-af59-11e5-b705-455b20334321] - page.onError - msg: ReferenceError: Can't find variable: React
[ERROR - 2015-12-31T00:57:14.400Z] Session [6a462440-af59-11e5-b705-455b20334321] - page.onError - stack:
  renderOnClient (http://localhost:8080/app.js:302)
  (anonymous function) (http://localhost:8080/:48)
  (anonymous function) (http://localhost:8080/webjars/jquery/1.11.3/jquery.min.js:2)
  (anonymous function) (http://localhost:8080/webjars/jquery/1.11.3/jquery.min.js:2)
  (anonymous function) (http://localhost:8080/webjars/jquery/1.11.3/jquery.min.js:2)
  J (http://localhost:8080/webjars/jquery/1.11.3/jquery.min.js:2)
[INFO  - 2015-12-31T00:57:19.707Z] ShutdownReqHand - _handle - About to shutdown
